<?xml version="1.0" encoding="UTF-8"?>
<!-- Generated by org.testng.reporters.JUnitXMLReporter -->
<testsuite hostname="CBT-Test" name="Default test" tests="3" failures="0" timestamp="14 Apr 2016 07:22:34 GMT" time="64.765" errors="0">
  <testcase name="testLogin" time="15.611" classname="com.script.CBTCrowdTest"/>
  <testcase name="t2" time="15.326" classname="com.script.CBTCrowdTest"/>
  <testcase name="t3" time="25.161" classname="com.script.CBTCrowdTest"/>
</testsuite> <!-- Default test -->
